<?xml version="1.0" encoding="UTF-8"?>
<!-- Generated by org.testng.reporters.JUnitReportReporter -->
<testsuite hostname="Jashwanth977" failures="0" tests="4" name="com.justdial.testcases.FitnessTestCases" time="7.756" errors="0" timestamp="28 Jul 2021 09:29:12 GMT" skipped="0">
  <testcase classname="com.justdial.testcases.FitnessTestCases" name="fitness" time="4.836"/>
  <testcase classname="com.justdial.testcases.FitnessTestCases" name="fitnessMenu" time="0.704"/>
  <testcase classname="com.justdial.testcases.FitnessTestCases" name="gym" time="1.639"/>
  <testcase classname="com.justdial.testcases.FitnessTestCases" name="gymMenu" time="0.577"/>
</testsuite> <!-- com.justdial.testcases.FitnessTestCases -->
