<?xml version="1.0" encoding="UTF-8"?>
<!-- Generated by org.testng.reporters.JUnitReportReporter -->
<testsuite hostname="Jashwanth977" failures="0" tests="6" name="com.justdial.testcases.FreelistingTestCases" time="36.869" errors="0" timestamp="28 Jul 2021 11:53:36 GMT" skipped="0">
  <testcase classname="com.justdial.testcases.FreelistingTestCases" name="launch" time="18.710"/>
  <testcase classname="com.justdial.testcases.FreelistingTestCases" name="allNullValues" time="2.987"/>
  <testcase classname="com.justdial.testcases.FreelistingTestCases" name="companyNullValue" time="1.272"/>
  <testcase classname="com.justdial.testcases.FreelistingTestCases" name="mobileNullValue" time="5.068"/>
  <testcase classname="com.justdial.testcases.FreelistingTestCases" name="cityNullvalue" time="5.313"/>
  <testcase classname="com.justdial.testcases.FreelistingTestCases" name="validDataTest" time="3.519"/>
</testsuite> <!-- com.justdial.testcases.FreelistingTestCases -->
