<?xml version="1.0" encoding="UTF-8"?>
<!-- Generated by org.testng.reporters.JUnitReportReporter -->
<testsuite hostname="Jashwanth977" failures="0" tests="6" name="com.justdial.testcases.FreelistingTestCases" time="23.174" errors="0" timestamp="05 Aug 2021 09:50:37 GMT" skipped="0">
  <testcase classname="com.justdial.testcases.FreelistingTestCases" name="launch" time="8.451"/>
  <testcase classname="com.justdial.testcases.FreelistingTestCases" name="allNullValues" time="2.532"/>
  <testcase classname="com.justdial.testcases.FreelistingTestCases" name="companyNullValue" time="0.733"/>
  <testcase classname="com.justdial.testcases.FreelistingTestCases" name="mobileNullValue" time="4.460"/>
  <testcase classname="com.justdial.testcases.FreelistingTestCases" name="cityNullvalue" time="4.436"/>
  <testcase classname="com.justdial.testcases.FreelistingTestCases" name="validDataTest" time="2.562"/>
</testsuite> <!-- com.justdial.testcases.FreelistingTestCases -->
