<?xml version="1.0" encoding="UTF-8"?>
<!-- Generated by org.testng.reporters.JUnitReportReporter -->
<testsuite hostname="Jashwanth977" failures="0" tests="10" name="com.justdial.testcases.HomepageTestCases" time="53.558" errors="0" timestamp="05 Aug 2021 09:50:37 GMT" skipped="0">
  <testcase classname="com.justdial.testcases.HomepageTestCases" name="websiteTest" time="0.023"/>
  <testcase classname="com.justdial.testcases.HomepageTestCases" name="elementsTest" time="0.155"/>
  <testcase classname="com.justdial.testcases.HomepageTestCases" name="loginPageTest" time="0.723"/>
  <testcase classname="com.justdial.testcases.HomepageTestCases" name="locationTest" time="4.013"/>
  <testcase classname="com.justdial.testcases.HomepageTestCases" name="searchingTest" time="3.427"/>
  <testcase classname="com.justdial.testcases.HomepageTestCases" name="resultPageTest" time="0.034"/>
  <testcase classname="com.justdial.testcases.HomepageTestCases" name="bestdealsTest" time="3.716"/>
  <testcase classname="com.justdial.testcases.HomepageTestCases" name="ratingCheck" time="0.082"/>
  <testcase classname="com.justdial.testcases.HomepageTestCases" name="printData" time="33.779"/>
  <testcase classname="com.justdial.testcases.HomepageTestCases" name="dataFromMenubar" time="7.606"/>
</testsuite> <!-- com.justdial.testcases.HomepageTestCases -->
